<?xml version="1.0" encoding="UTF-8"?>
<testng-results ignored="0" total="4" passed="4" failed="0" skipped="0">
  <reporter-output>
  </reporter-output>
  <suite started-at="2023-10-18T16:41:53 IST" name="Default suite" finished-at="2023-10-18T16:41:53 IST" duration-ms="236">
    <groups>
    </groups>
    <test started-at="2023-10-18T16:41:53 IST" name="Default test" finished-at="2023-10-18T16:41:53 IST" duration-ms="236">
      <class name="com.bjs.testng.Testng">
        <test-method signature="a()[pri:0, instance:com.bjs.testng.Testng@563f38c4]" started-at="2023-10-18T16:41:53 IST" name="a" finished-at="2023-10-18T16:41:53 IST" duration-ms="16" status="PASS">
          <reporter-output>
          </reporter-output>
        </test-method> <!-- a -->
        <test-method signature="c()[pri:0, instance:com.bjs.testng.Testng@563f38c4]" started-at="2023-10-18T16:41:53 IST" name="c" finished-at="2023-10-18T16:41:53 IST" duration-ms="8" status="PASS">
          <reporter-output>
          </reporter-output>
        </test-method> <!-- c -->
        <test-method signature="b()[pri:2, instance:com.bjs.testng.Testng@563f38c4]" started-at="2023-10-18T16:41:53 IST" name="b" finished-at="2023-10-18T16:41:53 IST" duration-ms="5" status="PASS">
          <reporter-output>
          </reporter-output>
        </test-method> <!-- b -->
        <test-method signature="d()[pri:2, instance:com.bjs.testng.Testng@563f38c4]" started-at="2023-10-18T16:41:53 IST" name="d" finished-at="2023-10-18T16:41:53 IST" duration-ms="6" status="PASS">
          <reporter-output>
          </reporter-output>
        </test-method> <!-- d -->
      </class> <!-- com.bjs.testng.Testng -->
    </test> <!-- Default test -->
  </suite> <!-- Default suite -->
</testng-results>
