<?xml version="1.0" encoding="UTF-8"?>
<!-- Generated by org.testng.reporters.JUnitXMLReporter -->
<testsuite ignored="0" hostname="DESKTOP-CLQ02AU" failures="0" tests="4" name="Default test" time="0.236" errors="0" timestamp="2023-10-18T16:41:53 IST">
  <testcase classname="com.bjs.testng.Testng" name="a" time="0.016"/>
  <testcase classname="com.bjs.testng.Testng" name="c" time="0.008"/>
  <testcase classname="com.bjs.testng.Testng" name="b" time="0.005"/>
  <testcase classname="com.bjs.testng.Testng" name="d" time="0.006"/>
</testsuite> <!-- Default test -->
